                              1 ;--------------------------------------------------------
                              2 ; File Created by SDCC : free open source ANSI-C Compiler
                              3 ; Version 3.6.8 #9946 (Linux)
                              4 ;--------------------------------------------------------
                              5 	.module entity
                              6 	.optsdcc -mz80
                              7 	
                              8 ;--------------------------------------------------------
                              9 ; Public variables in this module
                             10 ;--------------------------------------------------------
                             11 	.globl _manEntityDestroy
                             12 	.globl _cpct_memcpy
                             13 	.globl _cpct_memset
                             14 	.globl _m_entities_end
                             15 	.globl _m_next_free
                             16 	.globl _m_invalid
                             17 	.globl _m_entities
                             18 	.globl _manEntityInit
                             19 	.globl _manEntityCreate
                             20 	.globl _manEntityForAll
                             21 	.globl _manEntityForAllMatching
                             22 	.globl _manEntityDelete
                             23 	.globl _manEntityUpdate
                             24 	.globl _manEntityAvailable
                             25 ;--------------------------------------------------------
                             26 ; special function registers
                             27 ;--------------------------------------------------------
                             28 ;--------------------------------------------------------
                             29 ; ram data
                             30 ;--------------------------------------------------------
                             31 	.area _DATA
   0000                      32 _m_entities::
   0000                      33 	.ds 108
   006C                      34 _m_invalid::
   006C                      35 	.ds 1
   006D                      36 _m_next_free::
   006D                      37 	.ds 2
   006F                      38 _m_entities_end::
   006F                      39 	.ds 2
                             40 ;--------------------------------------------------------
                             41 ; ram data
                             42 ;--------------------------------------------------------
                             43 	.area _INITIALIZED
                             44 ;--------------------------------------------------------
                             45 ; absolute external ram data
                             46 ;--------------------------------------------------------
                             47 	.area _DABS (ABS)
                             48 ;--------------------------------------------------------
                             49 ; global & static initialisations
                             50 ;--------------------------------------------------------
                             51 	.area _HOME
                             52 	.area _GSINIT
                             53 	.area _GSFINAL
                             54 	.area _GSINIT
                             55 ;--------------------------------------------------------
                             56 ; Home
                             57 ;--------------------------------------------------------
                             58 	.area _HOME
                             59 	.area _HOME
                             60 ;--------------------------------------------------------
                             61 ; code
                             62 ;--------------------------------------------------------
                             63 	.area _CODE
                             64 ;src/man/entity.c:10: void manEntityInit() { 
                             65 ;	---------------------------------
                             66 ; Function manEntityInit
                             67 ; ---------------------------------
   0000                      68 _manEntityInit::
                             69 ;src/man/entity.c:11: m_next_free = m_entities; 
   0000 01r00r00      [10]   70 	ld	bc, #_m_entities+0
   0003 ED 43r6Dr00   [20]   71 	ld	(_m_next_free), bc
                             72 ;src/man/entity.c:12: m_invalid = E_TYPE_INVALID;
   0007 21r6Cr00      [10]   73 	ld	hl,#_m_invalid + 0
   000A 36 00         [10]   74 	ld	(hl), #0x00
                             75 ;src/man/entity.c:13: m_entities_end = m_entities + MAX_ENTITIES;
   000C 21 6C 00      [10]   76 	ld	hl, #0x006c
   000F 09            [11]   77 	add	hl, bc
   0010 22r6Fr00      [16]   78 	ld	(_m_entities_end), hl
                             79 ;src/man/entity.c:14: cpct_memset(m_next_free, 0, sizeof(m_entities));
   0013 21 6C 00      [10]   80 	ld	hl, #0x006c
   0016 E5            [11]   81 	push	hl
   0017 AF            [ 4]   82 	xor	a, a
   0018 F5            [11]   83 	push	af
   0019 33            [ 6]   84 	inc	sp
   001A 21r00r00      [10]   85 	ld	hl, #_m_entities
   001D E5            [11]   86 	push	hl
   001E CDr00r00      [17]   87 	call	_cpct_memset
   0021 C9            [10]   88 	ret
                             89 ;src/man/entity.c:17: Entity_t *manEntityCreate() {
                             90 ;	---------------------------------
                             91 ; Function manEntityCreate
                             92 ; ---------------------------------
   0022                      93 _manEntityCreate::
                             94 ;src/man/entity.c:18: Entity_t *next = m_next_free;
   0022 ED 4Br6Dr00   [20]   95 	ld	bc, (_m_next_free)
                             96 ;src/man/entity.c:19: m_next_free = next + 1;
   0026 21 09 00      [10]   97 	ld	hl, #0x0009
   0029 09            [11]   98 	add	hl,bc
   002A 22r6Dr00      [16]   99 	ld	(_m_next_free), hl
                            100 ;src/man/entity.c:20: next->type = E_TYPE_DEFAULT;
   002D 3E 7F         [ 7]  101 	ld	a, #0x7f
   002F 02            [ 7]  102 	ld	(bc), a
                            103 ;src/man/entity.c:21: return next;
   0030 69            [ 4]  104 	ld	l, c
   0031 60            [ 4]  105 	ld	h, b
   0032 C9            [10]  106 	ret
                            107 ;src/man/entity.c:24: void manEntityForAll(void (*pfunUpdateEntity)(Entity_t *)) {
                            108 ;	---------------------------------
                            109 ; Function manEntityForAll
                            110 ; ---------------------------------
   0033                     111 _manEntityForAll::
                            112 ;src/man/entity.c:25: Entity_t *e = m_entities;
   0033 01r00r00      [10]  113 	ld	bc, #_m_entities+0
                            114 ;src/man/entity.c:26: while (e->type != E_TYPE_INVALID) {
   0036                     115 00101$:
   0036 0A            [ 7]  116 	ld	a, (bc)
   0037 B7            [ 4]  117 	or	a, a
   0038 C8            [11]  118 	ret	Z
                            119 ;src/man/entity.c:27: pfunUpdateEntity(e++);
   0039 59            [ 4]  120 	ld	e, c
   003A 50            [ 4]  121 	ld	d, b
   003B 21 09 00      [10]  122 	ld	hl, #0x0009
   003E 09            [11]  123 	add	hl,bc
   003F E5            [11]  124 	push	hl
   0040 D5            [11]  125 	push	de
   0041 21 06 00      [10]  126 	ld	hl, #6
   0044 39            [11]  127 	add	hl, sp
   0045 7E            [ 7]  128 	ld	a, (hl)
   0046 23            [ 6]  129 	inc	hl
   0047 66            [ 7]  130 	ld	h, (hl)
   0048 6F            [ 4]  131 	ld	l, a
   0049 CDr00r00      [17]  132 	call	___sdcc_call_hl
   004C F1            [10]  133 	pop	af
   004D C1            [10]  134 	pop	bc
   004E 18 E6         [12]  135 	jr	00101$
                            136 ;src/man/entity.c:31: void manEntityForAllMatching(
                            137 ;	---------------------------------
                            138 ; Function manEntityForAllMatching
                            139 ; ---------------------------------
   0050                     140 _manEntityForAllMatching::
                            141 ;src/man/entity.c:35: Entity_t *e = m_entities;  
   0050 01r00r00      [10]  142 	ld	bc, #_m_entities+0
                            143 ;src/man/entity.c:36: while (e->type != E_TYPE_INVALID) {
   0053                     144 00103$:
   0053 0A            [ 7]  145 	ld	a, (bc)
   0054 B7            [ 4]  146 	or	a, a
   0055 C8            [11]  147 	ret	Z
                            148 ;src/man/entity.c:37: if ((e->type & signature) == signature)
   0056 FD 21 04 00   [14]  149 	ld	iy, #4
   005A FD 39         [15]  150 	add	iy, sp
   005C FD A6 00      [19]  151 	and	a, 0 (iy)
   005F 5F            [ 4]  152 	ld	e, a
   0060 FD 7E 00      [19]  153 	ld	a, 0 (iy)
   0063 93            [ 4]  154 	sub	a, e
   0064 20 0F         [12]  155 	jr	NZ,00102$
                            156 ;src/man/entity.c:38: pfunUpdateEntity(e);
   0066 C5            [11]  157 	push	bc
   0067 C5            [11]  158 	push	bc
   0068 21 06 00      [10]  159 	ld	hl, #6
   006B 39            [11]  160 	add	hl, sp
   006C 7E            [ 7]  161 	ld	a, (hl)
   006D 23            [ 6]  162 	inc	hl
   006E 66            [ 7]  163 	ld	h, (hl)
   006F 6F            [ 4]  164 	ld	l, a
   0070 CDr00r00      [17]  165 	call	___sdcc_call_hl
   0073 F1            [10]  166 	pop	af
   0074 C1            [10]  167 	pop	bc
   0075                     168 00102$:
                            169 ;src/man/entity.c:39: e++;
   0075 21 09 00      [10]  170 	ld	hl, #0x0009
   0078 09            [11]  171 	add	hl,bc
   0079 4D            [ 4]  172 	ld	c, l
   007A 44            [ 4]  173 	ld	b, h
   007B 18 D6         [12]  174 	jr	00103$
                            175 ;src/man/entity.c:44: void manEntityDestroy(Entity_t *e) {
                            176 ;	---------------------------------
                            177 ; Function manEntityDestroy
                            178 ; ---------------------------------
   007D                     179 _manEntityDestroy::
   007D DD E5         [15]  180 	push	ix
   007F DD 21 00 00   [14]  181 	ld	ix,#0
   0083 DD 39         [15]  182 	add	ix,sp
                            183 ;src/man/entity.c:45: Entity_t *dead_e = e;
   0085 DD 4E 04      [19]  184 	ld	c,4 (ix)
   0088 DD 46 05      [19]  185 	ld	b,5 (ix)
                            186 ;src/man/entity.c:46: --m_next_free;
   008B 21r6Dr00      [10]  187 	ld	hl, #_m_next_free
   008E 7E            [ 7]  188 	ld	a, (hl)
   008F C6 F7         [ 7]  189 	add	a, #0xf7
   0091 77            [ 7]  190 	ld	(hl), a
   0092 23            [ 6]  191 	inc	hl
   0093 7E            [ 7]  192 	ld	a, (hl)
   0094 CE FF         [ 7]  193 	adc	a, #0xff
   0096 77            [ 7]  194 	ld	(hl), a
                            195 ;src/man/entity.c:48: if (dead_e != m_next_free)
   0097 FD 21r6Dr00   [14]  196 	ld	iy, #_m_next_free
   009B FD 7E 00      [19]  197 	ld	a, 0 (iy)
   009E 91            [ 4]  198 	sub	a, c
   009F 20 06         [12]  199 	jr	NZ,00109$
   00A1 FD 7E 01      [19]  200 	ld	a, 1 (iy)
   00A4 90            [ 4]  201 	sub	a, b
   00A5 28 0C         [12]  202 	jr	Z,00102$
   00A7                     203 00109$:
                            204 ;src/man/entity.c:49: cpct_memcpy(dead_e, m_next_free, sizeof(Entity_t));
   00A7 2Ar6Dr00      [16]  205 	ld	hl, (_m_next_free)
   00AA 11 09 00      [10]  206 	ld	de, #0x0009
   00AD D5            [11]  207 	push	de
   00AE E5            [11]  208 	push	hl
   00AF C5            [11]  209 	push	bc
   00B0 CDr00r00      [17]  210 	call	_cpct_memcpy
   00B3                     211 00102$:
                            212 ;src/man/entity.c:51: m_next_free->type = E_TYPE_INVALID;
   00B3 2Ar6Dr00      [16]  213 	ld	hl, (_m_next_free)
   00B6 36 00         [10]  214 	ld	(hl), #0x00
   00B8 DD E1         [14]  215 	pop	ix
   00BA C9            [10]  216 	ret
                            217 ;src/man/entity.c:54: void manEntityDelete(Entity_t *e)
                            218 ;	---------------------------------
                            219 ; Function manEntityDelete
                            220 ; ---------------------------------
   00BB                     221 _manEntityDelete::
                            222 ;src/man/entity.c:56: e->type |= E_TYPE_DEAD;
   00BB D1            [10]  223 	pop	de
   00BC C1            [10]  224 	pop	bc
   00BD C5            [11]  225 	push	bc
   00BE D5            [11]  226 	push	de
   00BF 0A            [ 7]  227 	ld	a, (bc)
   00C0 CB FF         [ 8]  228 	set	7, a
   00C2 02            [ 7]  229 	ld	(bc), a
   00C3 C9            [10]  230 	ret
                            231 ;src/man/entity.c:59: void manEntityUpdate()
                            232 ;	---------------------------------
                            233 ; Function manEntityUpdate
                            234 ; ---------------------------------
   00C4                     235 _manEntityUpdate::
                            236 ;src/man/entity.c:61: Entity_t *e = m_entities;
   00C4 21r00r00      [10]  237 	ld	hl, #_m_entities+0
                            238 ;src/man/entity.c:62: while (e->type != E_TYPE_INVALID) {
   00C7                     239 00104$:
   00C7 7E            [ 7]  240 	ld	a, (hl)
   00C8 B7            [ 4]  241 	or	a, a
   00C9 C8            [11]  242 	ret	Z
                            243 ;src/man/entity.c:63: if (e->type & E_TYPE_DEAD) {
   00CA 07            [ 4]  244 	rlca
   00CB 30 09         [12]  245 	jr	NC,00102$
                            246 ;src/man/entity.c:64: manEntityDestroy(e);
   00CD E5            [11]  247 	push	hl
   00CE E5            [11]  248 	push	hl
   00CF CDr7Dr00      [17]  249 	call	_manEntityDestroy
   00D2 F1            [10]  250 	pop	af
   00D3 E1            [10]  251 	pop	hl
   00D4 18 F1         [12]  252 	jr	00104$
   00D6                     253 00102$:
                            254 ;src/man/entity.c:67: ++e;
   00D6 01 09 00      [10]  255 	ld	bc, #0x0009
   00D9 09            [11]  256 	add	hl, bc
   00DA 18 EB         [12]  257 	jr	00104$
                            258 ;src/man/entity.c:72: u8 manEntityAvailable()
                            259 ;	---------------------------------
                            260 ; Function manEntityAvailable
                            261 ; ---------------------------------
   00DC                     262 _manEntityAvailable::
                            263 ;src/man/entity.c:74: return (m_next_free < m_entities_end);
   00DC 21r6Fr00      [10]  264 	ld	hl, #_m_entities_end
   00DF FD 21r6Dr00   [14]  265 	ld	iy, #_m_next_free
   00E3 FD 7E 00      [19]  266 	ld	a, 0 (iy)
   00E6 96            [ 7]  267 	sub	a, (hl)
   00E7 FD 7E 01      [19]  268 	ld	a, 1 (iy)
   00EA 23            [ 6]  269 	inc	hl
   00EB 9E            [ 7]  270 	sbc	a, (hl)
   00EC 3E 00         [ 7]  271 	ld	a, #0x00
   00EE 17            [ 4]  272 	rla
   00EF 6F            [ 4]  273 	ld	l, a
   00F0 C9            [10]  274 	ret
                            275 	.area _CODE
                            276 	.area _INITIALIZER
                            277 	.area _CABS (ABS)
