                              1 ;--------------------------------------------------------
                              2 ; File Created by SDCC : free open source ANSI-C Compiler
                              3 ; Version 3.6.8 #9946 (Linux)
                              4 ;--------------------------------------------------------
                              5 	.module enemigo_01
                              6 	.optsdcc -mz80
                              7 	
                              8 ;--------------------------------------------------------
                              9 ; Public variables in this module
                             10 ;--------------------------------------------------------
                             11 	.globl _spr_enemigo_01_1
                             12 	.globl _spr_enemigo_01_0
                             13 ;--------------------------------------------------------
                             14 ; special function registers
                             15 ;--------------------------------------------------------
                             16 ;--------------------------------------------------------
                             17 ; ram data
                             18 ;--------------------------------------------------------
                             19 	.area _DATA
                             20 ;--------------------------------------------------------
                             21 ; ram data
                             22 ;--------------------------------------------------------
                             23 	.area _INITIALIZED
                             24 ;--------------------------------------------------------
                             25 ; absolute external ram data
                             26 ;--------------------------------------------------------
                             27 	.area _DABS (ABS)
                             28 ;--------------------------------------------------------
                             29 ; global & static initialisations
                             30 ;--------------------------------------------------------
                             31 	.area _HOME
                             32 	.area _GSINIT
                             33 	.area _GSFINAL
                             34 	.area _GSINIT
                             35 ;--------------------------------------------------------
                             36 ; Home
                             37 ;--------------------------------------------------------
                             38 	.area _HOME
                             39 	.area _HOME
                             40 ;--------------------------------------------------------
                             41 ; code
                             42 ;--------------------------------------------------------
                             43 	.area _CODE
                             44 	.area _CODE
   0000                      45 _spr_enemigo_01_0:
   0000 00                   46 	.db #0x00	; 0
   0001 00                   47 	.db #0x00	; 0
   0002 00                   48 	.db #0x00	; 0
   0003 00                   49 	.db #0x00	; 0
   0004 00                   50 	.db #0x00	; 0
   0005 00                   51 	.db #0x00	; 0
   0006 00                   52 	.db #0x00	; 0
   0007 00                   53 	.db #0x00	; 0
   0008 00                   54 	.db #0x00	; 0
   0009 00                   55 	.db #0x00	; 0
   000A 00                   56 	.db #0x00	; 0
   000B 00                   57 	.db #0x00	; 0
   000C C3                   58 	.db #0xc3	; 195
   000D 82                   59 	.db #0x82	; 130
   000E 00                   60 	.db #0x00	; 0
   000F 00                   61 	.db #0x00	; 0
   0010 41                   62 	.db #0x41	; 65	'A'
   0011 C3                   63 	.db #0xc3	; 195
   0012 00                   64 	.db #0x00	; 0
   0013 00                   65 	.db #0x00	; 0
   0014 00                   66 	.db #0x00	; 0
   0015 00                   67 	.db #0x00	; 0
   0016 C3                   68 	.db #0xc3	; 195
   0017 82                   69 	.db #0x82	; 130
   0018 00                   70 	.db #0x00	; 0
   0019 00                   71 	.db #0x00	; 0
   001A 41                   72 	.db #0x41	; 65	'A'
   001B C3                   73 	.db #0xc3	; 195
   001C 00                   74 	.db #0x00	; 0
   001D 00                   75 	.db #0x00	; 0
   001E 00                   76 	.db #0x00	; 0
   001F 41                   77 	.db #0x41	; 65	'A'
   0020 41                   78 	.db #0x41	; 65	'A'
   0021 41                   79 	.db #0x41	; 65	'A'
   0022 41                   80 	.db #0x41	; 65	'A'
   0023 41                   81 	.db #0x41	; 65	'A'
   0024 41                   82 	.db #0x41	; 65	'A'
   0025 41                   83 	.db #0x41	; 65	'A'
   0026 41                   84 	.db #0x41	; 65	'A'
   0027 00                   85 	.db #0x00	; 0
   0028 00                   86 	.db #0x00	; 0
   0029 80                   87 	.db #0x80	; 128
   002A C0                   88 	.db #0xc0	; 192
   002B 00                   89 	.db #0x00	; 0
   002C C0                   90 	.db #0xc0	; 192
   002D C0                   91 	.db #0xc0	; 192
   002E 00                   92 	.db #0x00	; 0
   002F C0                   93 	.db #0xc0	; 192
   0030 80                   94 	.db #0x80	; 128
   0031 00                   95 	.db #0x00	; 0
   0032 00                   96 	.db #0x00	; 0
   0033 80                   97 	.db #0x80	; 128
   0034 80                   98 	.db #0x80	; 128
   0035 C0                   99 	.db #0xc0	; 192
   0036 C0                  100 	.db #0xc0	; 192
   0037 C0                  101 	.db #0xc0	; 192
   0038 C0                  102 	.db #0xc0	; 192
   0039 40                  103 	.db #0x40	; 64
   003A 40                  104 	.db #0x40	; 64
   003B 00                  105 	.db #0x00	; 0
   003C 00                  106 	.db #0x00	; 0
   003D AA                  107 	.db #0xaa	; 170
   003E AA                  108 	.db #0xaa	; 170
   003F FF                  109 	.db #0xff	; 255
   0040 AA                  110 	.db #0xaa	; 170
   0041 55                  111 	.db #0x55	; 85	'U'
   0042 FF                  112 	.db #0xff	; 255
   0043 55                  113 	.db #0x55	; 85	'U'
   0044 55                  114 	.db #0x55	; 85	'U'
   0045 00                  115 	.db #0x00	; 0
   0046 00                  116 	.db #0x00	; 0
   0047 AA                  117 	.db #0xaa	; 170
   0048 FF                  118 	.db #0xff	; 255
   0049 00                  119 	.db #0x00	; 0
   004A FF                  120 	.db #0xff	; 255
   004B FF                  121 	.db #0xff	; 255
   004C 00                  122 	.db #0x00	; 0
   004D FF                  123 	.db #0xff	; 255
   004E AA                  124 	.db #0xaa	; 170
   004F 00                  125 	.db #0x00	; 0
   0050 00                  126 	.db #0x00	; 0
   0051 FF                  127 	.db #0xff	; 255
   0052 AA                  128 	.db #0xaa	; 170
   0053 AA                  129 	.db #0xaa	; 170
   0054 AA                  130 	.db #0xaa	; 170
   0055 55                  131 	.db #0x55	; 85	'U'
   0056 55                  132 	.db #0x55	; 85	'U'
   0057 AA                  133 	.db #0xaa	; 170
   0058 FF                  134 	.db #0xff	; 255
   0059 00                  135 	.db #0x00	; 0
   005A 00                  136 	.db #0x00	; 0
   005B 00                  137 	.db #0x00	; 0
   005C 00                  138 	.db #0x00	; 0
   005D 00                  139 	.db #0x00	; 0
   005E 00                  140 	.db #0x00	; 0
   005F 00                  141 	.db #0x00	; 0
   0060 00                  142 	.db #0x00	; 0
   0061 00                  143 	.db #0x00	; 0
   0062 00                  144 	.db #0x00	; 0
   0063 00                  145 	.db #0x00	; 0
   0064                     146 _spr_enemigo_01_1:
   0064 00                  147 	.db #0x00	; 0
   0065 00                  148 	.db #0x00	; 0
   0066 00                  149 	.db #0x00	; 0
   0067 00                  150 	.db #0x00	; 0
   0068 00                  151 	.db #0x00	; 0
   0069 00                  152 	.db #0x00	; 0
   006A 00                  153 	.db #0x00	; 0
   006B 00                  154 	.db #0x00	; 0
   006C 00                  155 	.db #0x00	; 0
   006D 00                  156 	.db #0x00	; 0
   006E 00                  157 	.db #0x00	; 0
   006F C3                  158 	.db #0xc3	; 195
   0070 00                  159 	.db #0x00	; 0
   0071 00                  160 	.db #0x00	; 0
   0072 C3                  161 	.db #0xc3	; 195
   0073 C3                  162 	.db #0xc3	; 195
   0074 00                  163 	.db #0x00	; 0
   0075 00                  164 	.db #0x00	; 0
   0076 C3                  165 	.db #0xc3	; 195
   0077 00                  166 	.db #0x00	; 0
   0078 00                  167 	.db #0x00	; 0
   0079 C3                  168 	.db #0xc3	; 195
   007A 00                  169 	.db #0x00	; 0
   007B C3                  170 	.db #0xc3	; 195
   007C C3                  171 	.db #0xc3	; 195
   007D C3                  172 	.db #0xc3	; 195
   007E C3                  173 	.db #0xc3	; 195
   007F 00                  174 	.db #0x00	; 0
   0080 C3                  175 	.db #0xc3	; 195
   0081 00                  176 	.db #0x00	; 0
   0082 00                  177 	.db #0x00	; 0
   0083 00                  178 	.db #0x00	; 0
   0084 C3                  179 	.db #0xc3	; 195
   0085 C3                  180 	.db #0xc3	; 195
   0086 C3                  181 	.db #0xc3	; 195
   0087 C3                  182 	.db #0xc3	; 195
   0088 C3                  183 	.db #0xc3	; 195
   0089 C3                  184 	.db #0xc3	; 195
   008A 00                  185 	.db #0x00	; 0
   008B 00                  186 	.db #0x00	; 0
   008C 00                  187 	.db #0x00	; 0
   008D 40                  188 	.db #0x40	; 64
   008E 80                  189 	.db #0x80	; 128
   008F C0                  190 	.db #0xc0	; 192
   0090 80                  191 	.db #0x80	; 128
   0091 40                  192 	.db #0x40	; 64
   0092 C0                  193 	.db #0xc0	; 192
   0093 40                  194 	.db #0x40	; 64
   0094 80                  195 	.db #0x80	; 128
   0095 00                  196 	.db #0x00	; 0
   0096 00                  197 	.db #0x00	; 0
   0097 C0                  198 	.db #0xc0	; 192
   0098 80                  199 	.db #0x80	; 128
   0099 80                  200 	.db #0x80	; 128
   009A C0                  201 	.db #0xc0	; 192
   009B C0                  202 	.db #0xc0	; 192
   009C 80                  203 	.db #0x80	; 128
   009D 80                  204 	.db #0x80	; 128
   009E C0                  205 	.db #0xc0	; 192
   009F 00                  206 	.db #0x00	; 0
   00A0 00                  207 	.db #0x00	; 0
   00A1 AA                  208 	.db #0xaa	; 170
   00A2 FF                  209 	.db #0xff	; 255
   00A3 00                  210 	.db #0x00	; 0
   00A4 55                  211 	.db #0x55	; 85	'U'
   00A5 AA                  212 	.db #0xaa	; 170
   00A6 00                  213 	.db #0x00	; 0
   00A7 FF                  214 	.db #0xff	; 255
   00A8 AA                  215 	.db #0xaa	; 170
   00A9 00                  216 	.db #0x00	; 0
   00AA 00                  217 	.db #0x00	; 0
   00AB FF                  218 	.db #0xff	; 255
   00AC AA                  219 	.db #0xaa	; 170
   00AD AA                  220 	.db #0xaa	; 170
   00AE 00                  221 	.db #0x00	; 0
   00AF 00                  222 	.db #0x00	; 0
   00B0 55                  223 	.db #0x55	; 85	'U'
   00B1 AA                  224 	.db #0xaa	; 170
   00B2 FF                  225 	.db #0xff	; 255
   00B3 00                  226 	.db #0x00	; 0
   00B4 00                  227 	.db #0x00	; 0
   00B5 55                  228 	.db #0x55	; 85	'U'
   00B6 AA                  229 	.db #0xaa	; 170
   00B7 FF                  230 	.db #0xff	; 255
   00B8 00                  231 	.db #0x00	; 0
   00B9 00                  232 	.db #0x00	; 0
   00BA FF                  233 	.db #0xff	; 255
   00BB 55                  234 	.db #0x55	; 85	'U'
   00BC AA                  235 	.db #0xaa	; 170
   00BD 00                  236 	.db #0x00	; 0
   00BE 00                  237 	.db #0x00	; 0
   00BF 00                  238 	.db #0x00	; 0
   00C0 00                  239 	.db #0x00	; 0
   00C1 00                  240 	.db #0x00	; 0
   00C2 00                  241 	.db #0x00	; 0
   00C3 00                  242 	.db #0x00	; 0
   00C4 00                  243 	.db #0x00	; 0
   00C5 00                  244 	.db #0x00	; 0
   00C6 00                  245 	.db #0x00	; 0
   00C7 00                  246 	.db #0x00	; 0
                            247 	.area _INITIALIZER
                            248 	.area _CABS (ABS)
