                              1 ;--------------------------------------------------------
                              2 ; File Created by SDCC : free open source ANSI-C Compiler
                              3 ; Version 3.6.8 #9946 (Linux)
                              4 ;--------------------------------------------------------
                              5 	.module nave_jugador
                              6 	.optsdcc -mz80
                              7 	
                              8 ;--------------------------------------------------------
                              9 ; Public variables in this module
                             10 ;--------------------------------------------------------
                             11 	.globl _spr_nave_jugador_1
                             12 	.globl _spr_nave_jugador_0
                             13 ;--------------------------------------------------------
                             14 ; special function registers
                             15 ;--------------------------------------------------------
                             16 ;--------------------------------------------------------
                             17 ; ram data
                             18 ;--------------------------------------------------------
                             19 	.area _DATA
                             20 ;--------------------------------------------------------
                             21 ; ram data
                             22 ;--------------------------------------------------------
                             23 	.area _INITIALIZED
                             24 ;--------------------------------------------------------
                             25 ; absolute external ram data
                             26 ;--------------------------------------------------------
                             27 	.area _DABS (ABS)
                             28 ;--------------------------------------------------------
                             29 ; global & static initialisations
                             30 ;--------------------------------------------------------
                             31 	.area _HOME
                             32 	.area _GSINIT
                             33 	.area _GSFINAL
                             34 	.area _GSINIT
                             35 ;--------------------------------------------------------
                             36 ; Home
                             37 ;--------------------------------------------------------
                             38 	.area _HOME
                             39 	.area _HOME
                             40 ;--------------------------------------------------------
                             41 ; code
                             42 ;--------------------------------------------------------
                             43 	.area _CODE
                             44 	.area _CODE
   0000                      45 _spr_nave_jugador_0:
   0000 00                   46 	.db #0x00	; 0
   0001 00                   47 	.db #0x00	; 0
   0002 54                   48 	.db #0x54	; 84	'T'
   0003 A8                   49 	.db #0xa8	; 168
   0004 00                   50 	.db #0x00	; 0
   0005 00                   51 	.db #0x00	; 0
   0006 00                   52 	.db #0x00	; 0
   0007 00                   53 	.db #0x00	; 0
   0008 A8                   54 	.db #0xa8	; 168
   0009 54                   55 	.db #0x54	; 84	'T'
   000A 00                   56 	.db #0x00	; 0
   000B 00                   57 	.db #0x00	; 0
   000C 00                   58 	.db #0x00	; 0
   000D 15                   59 	.db #0x15	; 21
   000E 2A                   60 	.db #0x2a	; 42
   000F 15                   61 	.db #0x15	; 21
   0010 2A                   62 	.db #0x2a	; 42
   0011 00                   63 	.db #0x00	; 0
   0012 00                   64 	.db #0x00	; 0
   0013 3F                   65 	.db #0x3f	; 63
   0014 3F                   66 	.db #0x3f	; 63
   0015 3F                   67 	.db #0x3f	; 63
   0016 3F                   68 	.db #0x3f	; 63
   0017 00                   69 	.db #0x00	; 0
   0018 00                   70 	.db #0x00	; 0
   0019 0C                   71 	.db #0x0c	; 12
   001A 0C                   72 	.db #0x0c	; 12
   001B 0C                   73 	.db #0x0c	; 12
   001C 0C                   74 	.db #0x0c	; 12
   001D 00                   75 	.db #0x00	; 0
   001E 00                   76 	.db #0x00	; 0
   001F 04                   77 	.db #0x04	; 4
   0020 08                   78 	.db #0x08	; 8
   0021 04                   79 	.db #0x04	; 4
   0022 08                   80 	.db #0x08	; 8
   0023 00                   81 	.db #0x00	; 0
   0024 00                   82 	.db #0x00	; 0
   0025 00                   83 	.db #0x00	; 0
   0026 08                   84 	.db #0x08	; 8
   0027 04                   85 	.db #0x04	; 4
   0028 00                   86 	.db #0x00	; 0
   0029 00                   87 	.db #0x00	; 0
   002A 00                   88 	.db #0x00	; 0
   002B 04                   89 	.db #0x04	; 4
   002C 0C                   90 	.db #0x0c	; 12
   002D 0C                   91 	.db #0x0c	; 12
   002E 08                   92 	.db #0x08	; 8
   002F 00                   93 	.db #0x00	; 0
   0030                      94 _spr_nave_jugador_1:
   0030 00                   95 	.db #0x00	; 0
   0031 00                   96 	.db #0x00	; 0
   0032 45                   97 	.db #0x45	; 69	'E'
   0033 8A                   98 	.db #0x8a	; 138
   0034 00                   99 	.db #0x00	; 0
   0035 00                  100 	.db #0x00	; 0
   0036 00                  101 	.db #0x00	; 0
   0037 00                  102 	.db #0x00	; 0
   0038 8A                  103 	.db #0x8a	; 138
   0039 45                  104 	.db #0x45	; 69	'E'
   003A 00                  105 	.db #0x00	; 0
   003B 00                  106 	.db #0x00	; 0
   003C 00                  107 	.db #0x00	; 0
   003D 45                  108 	.db #0x45	; 69	'E'
   003E 8A                  109 	.db #0x8a	; 138
   003F 45                  110 	.db #0x45	; 69	'E'
   0040 8A                  111 	.db #0x8a	; 138
   0041 00                  112 	.db #0x00	; 0
   0042 00                  113 	.db #0x00	; 0
   0043 CF                  114 	.db #0xcf	; 207
   0044 CF                  115 	.db #0xcf	; 207
   0045 CF                  116 	.db #0xcf	; 207
   0046 CF                  117 	.db #0xcf	; 207
   0047 00                  118 	.db #0x00	; 0
   0048 00                  119 	.db #0x00	; 0
   0049 CF                  120 	.db #0xcf	; 207
   004A CF                  121 	.db #0xcf	; 207
   004B CF                  122 	.db #0xcf	; 207
   004C CF                  123 	.db #0xcf	; 207
   004D 00                  124 	.db #0x00	; 0
   004E 00                  125 	.db #0x00	; 0
   004F 45                  126 	.db #0x45	; 69	'E'
   0050 8A                  127 	.db #0x8a	; 138
   0051 45                  128 	.db #0x45	; 69	'E'
   0052 8A                  129 	.db #0x8a	; 138
   0053 00                  130 	.db #0x00	; 0
   0054 00                  131 	.db #0x00	; 0
   0055 00                  132 	.db #0x00	; 0
   0056 8A                  133 	.db #0x8a	; 138
   0057 45                  134 	.db #0x45	; 69	'E'
   0058 00                  135 	.db #0x00	; 0
   0059 00                  136 	.db #0x00	; 0
   005A 00                  137 	.db #0x00	; 0
   005B 45                  138 	.db #0x45	; 69	'E'
   005C CF                  139 	.db #0xcf	; 207
   005D CF                  140 	.db #0xcf	; 207
   005E 8A                  141 	.db #0x8a	; 138
   005F 00                  142 	.db #0x00	; 0
                            143 	.area _INITIALIZER
                            144 	.area _CABS (ABS)
