                              1 ;--------------------------------------------------------
                              2 ; File Created by SDCC : free open source ANSI-C Compiler
                              3 ; Version 3.6.8 #9946 (Linux)
                              4 ;--------------------------------------------------------
                              5 	.module nave_nodriza_01
                              6 	.optsdcc -mz80
                              7 	
                              8 ;--------------------------------------------------------
                              9 ; Public variables in this module
                             10 ;--------------------------------------------------------
                             11 	.globl _spr_nave_nodriza
                             12 ;--------------------------------------------------------
                             13 ; special function registers
                             14 ;--------------------------------------------------------
                             15 ;--------------------------------------------------------
                             16 ; ram data
                             17 ;--------------------------------------------------------
                             18 	.area _DATA
                             19 ;--------------------------------------------------------
                             20 ; ram data
                             21 ;--------------------------------------------------------
                             22 	.area _INITIALIZED
                             23 ;--------------------------------------------------------
                             24 ; absolute external ram data
                             25 ;--------------------------------------------------------
                             26 	.area _DABS (ABS)
                             27 ;--------------------------------------------------------
                             28 ; global & static initialisations
                             29 ;--------------------------------------------------------
                             30 	.area _HOME
                             31 	.area _GSINIT
                             32 	.area _GSFINAL
                             33 	.area _GSINIT
                             34 ;--------------------------------------------------------
                             35 ; Home
                             36 ;--------------------------------------------------------
                             37 	.area _HOME
                             38 	.area _HOME
                             39 ;--------------------------------------------------------
                             40 ; code
                             41 ;--------------------------------------------------------
                             42 	.area _CODE
                             43 	.area _CODE
   0000                      44 _spr_nave_nodriza:
   0000 00                   45 	.db #0x00	; 0
   0001 00                   46 	.db #0x00	; 0
   0002 00                   47 	.db #0x00	; 0
   0003 00                   48 	.db #0x00	; 0
   0004 00                   49 	.db #0x00	; 0
   0005 00                   50 	.db #0x00	; 0
   0006 00                   51 	.db #0x00	; 0
   0007 00                   52 	.db #0x00	; 0
   0008 C0                   53 	.db #0xc0	; 192
   0009 C0                   54 	.db #0xc0	; 192
   000A 00                   55 	.db #0x00	; 0
   000B 00                   56 	.db #0x00	; 0
   000C 00                   57 	.db #0x00	; 0
   000D 00                   58 	.db #0x00	; 0
   000E 00                   59 	.db #0x00	; 0
   000F 00                   60 	.db #0x00	; 0
   0010 00                   61 	.db #0x00	; 0
   0011 00                   62 	.db #0x00	; 0
   0012 00                   63 	.db #0x00	; 0
   0013 00                   64 	.db #0x00	; 0
   0014 00                   65 	.db #0x00	; 0
   0015 00                   66 	.db #0x00	; 0
   0016 00                   67 	.db #0x00	; 0
   0017 00                   68 	.db #0x00	; 0
   0018 03                   69 	.db #0x03	; 3
   0019 03                   70 	.db #0x03	; 3
   001A 03                   71 	.db #0x03	; 3
   001B 03                   72 	.db #0x03	; 3
   001C 03                   73 	.db #0x03	; 3
   001D 03                   74 	.db #0x03	; 3
   001E 00                   75 	.db #0x00	; 0
   001F 00                   76 	.db #0x00	; 0
   0020 00                   77 	.db #0x00	; 0
   0021 00                   78 	.db #0x00	; 0
   0022 00                   79 	.db #0x00	; 0
   0023 00                   80 	.db #0x00	; 0
   0024 00                   81 	.db #0x00	; 0
   0025 00                   82 	.db #0x00	; 0
   0026 00                   83 	.db #0x00	; 0
   0027 00                   84 	.db #0x00	; 0
   0028 3C                   85 	.db #0x3c	; 60
   0029 3C                   86 	.db #0x3c	; 60
   002A 3C                   87 	.db #0x3c	; 60
   002B 3C                   88 	.db #0x3c	; 60
   002C 3C                   89 	.db #0x3c	; 60
   002D 3C                   90 	.db #0x3c	; 60
   002E 3C                   91 	.db #0x3c	; 60
   002F 3C                   92 	.db #0x3c	; 60
   0030 3C                   93 	.db #0x3c	; 60
   0031 3C                   94 	.db #0x3c	; 60
   0032 00                   95 	.db #0x00	; 0
   0033 00                   96 	.db #0x00	; 0
   0034 00                   97 	.db #0x00	; 0
   0035 00                   98 	.db #0x00	; 0
   0036 00                   99 	.db #0x00	; 0
   0037 00                  100 	.db #0x00	; 0
   0038 00                  101 	.db #0x00	; 0
   0039 0C                  102 	.db #0x0c	; 12
   003A 0C                  103 	.db #0x0c	; 12
   003B 0C                  104 	.db #0x0c	; 12
   003C 0C                  105 	.db #0x0c	; 12
   003D 0C                  106 	.db #0x0c	; 12
   003E 0C                  107 	.db #0x0c	; 12
   003F 0C                  108 	.db #0x0c	; 12
   0040 0C                  109 	.db #0x0c	; 12
   0041 0C                  110 	.db #0x0c	; 12
   0042 0C                  111 	.db #0x0c	; 12
   0043 0C                  112 	.db #0x0c	; 12
   0044 0C                  113 	.db #0x0c	; 12
   0045 00                  114 	.db #0x00	; 0
   0046 00                  115 	.db #0x00	; 0
   0047 00                  116 	.db #0x00	; 0
   0048 00                  117 	.db #0x00	; 0
   0049 00                  118 	.db #0x00	; 0
   004A CC                  119 	.db #0xcc	; 204
   004B CC                  120 	.db #0xcc	; 204
   004C CC                  121 	.db #0xcc	; 204
   004D CC                  122 	.db #0xcc	; 204
   004E CC                  123 	.db #0xcc	; 204
   004F CC                  124 	.db #0xcc	; 204
   0050 CC                  125 	.db #0xcc	; 204
   0051 CC                  126 	.db #0xcc	; 204
   0052 CC                  127 	.db #0xcc	; 204
   0053 CC                  128 	.db #0xcc	; 204
   0054 CC                  129 	.db #0xcc	; 204
   0055 CC                  130 	.db #0xcc	; 204
   0056 CC                  131 	.db #0xcc	; 204
   0057 CC                  132 	.db #0xcc	; 204
   0058 00                  133 	.db #0x00	; 0
   0059 00                  134 	.db #0x00	; 0
   005A 00                  135 	.db #0x00	; 0
   005B CC                  136 	.db #0xcc	; 204
   005C CC                  137 	.db #0xcc	; 204
   005D CC                  138 	.db #0xcc	; 204
   005E CC                  139 	.db #0xcc	; 204
   005F CC                  140 	.db #0xcc	; 204
   0060 CC                  141 	.db #0xcc	; 204
   0061 CC                  142 	.db #0xcc	; 204
   0062 CC                  143 	.db #0xcc	; 204
   0063 CC                  144 	.db #0xcc	; 204
   0064 CC                  145 	.db #0xcc	; 204
   0065 CC                  146 	.db #0xcc	; 204
   0066 CC                  147 	.db #0xcc	; 204
   0067 CC                  148 	.db #0xcc	; 204
   0068 CC                  149 	.db #0xcc	; 204
   0069 CC                  150 	.db #0xcc	; 204
   006A CC                  151 	.db #0xcc	; 204
   006B 00                  152 	.db #0x00	; 0
   006C 00                  153 	.db #0x00	; 0
   006D CC                  154 	.db #0xcc	; 204
   006E CC                  155 	.db #0xcc	; 204
   006F 00                  156 	.db #0x00	; 0
   0070 CC                  157 	.db #0xcc	; 204
   0071 00                  158 	.db #0x00	; 0
   0072 CC                  159 	.db #0xcc	; 204
   0073 00                  160 	.db #0x00	; 0
   0074 CC                  161 	.db #0xcc	; 204
   0075 00                  162 	.db #0x00	; 0
   0076 CC                  163 	.db #0xcc	; 204
   0077 00                  164 	.db #0x00	; 0
   0078 CC                  165 	.db #0xcc	; 204
   0079 00                  166 	.db #0x00	; 0
   007A CC                  167 	.db #0xcc	; 204
   007B 00                  168 	.db #0x00	; 0
   007C CC                  169 	.db #0xcc	; 204
   007D 00                  170 	.db #0x00	; 0
   007E 00                  171 	.db #0x00	; 0
   007F CC                  172 	.db #0xcc	; 204
   0080 00                  173 	.db #0x00	; 0
   0081 CC                  174 	.db #0xcc	; 204
   0082 00                  175 	.db #0x00	; 0
   0083 CC                  176 	.db #0xcc	; 204
   0084 00                  177 	.db #0x00	; 0
   0085 CC                  178 	.db #0xcc	; 204
   0086 00                  179 	.db #0x00	; 0
   0087 CC                  180 	.db #0xcc	; 204
   0088 00                  181 	.db #0x00	; 0
   0089 CC                  182 	.db #0xcc	; 204
   008A 00                  183 	.db #0x00	; 0
   008B CC                  184 	.db #0xcc	; 204
   008C 00                  185 	.db #0x00	; 0
   008D CC                  186 	.db #0xcc	; 204
   008E CC                  187 	.db #0xcc	; 204
   008F 00                  188 	.db #0x00	; 0
   0090 00                  189 	.db #0x00	; 0
   0091 0C                  190 	.db #0x0c	; 12
   0092 0C                  191 	.db #0x0c	; 12
   0093 0C                  192 	.db #0x0c	; 12
   0094 0C                  193 	.db #0x0c	; 12
   0095 0C                  194 	.db #0x0c	; 12
   0096 0C                  195 	.db #0x0c	; 12
   0097 0C                  196 	.db #0x0c	; 12
   0098 0C                  197 	.db #0x0c	; 12
   0099 0C                  198 	.db #0x0c	; 12
   009A 0C                  199 	.db #0x0c	; 12
   009B 0C                  200 	.db #0x0c	; 12
   009C 0C                  201 	.db #0x0c	; 12
   009D 0C                  202 	.db #0x0c	; 12
   009E 0C                  203 	.db #0x0c	; 12
   009F 0C                  204 	.db #0x0c	; 12
   00A0 0C                  205 	.db #0x0c	; 12
   00A1 00                  206 	.db #0x00	; 0
   00A2 00                  207 	.db #0x00	; 0
   00A3 00                  208 	.db #0x00	; 0
   00A4 F0                  209 	.db #0xf0	; 240
   00A5 F0                  210 	.db #0xf0	; 240
   00A6 F0                  211 	.db #0xf0	; 240
   00A7 F0                  212 	.db #0xf0	; 240
   00A8 F0                  213 	.db #0xf0	; 240
   00A9 F0                  214 	.db #0xf0	; 240
   00AA F0                  215 	.db #0xf0	; 240
   00AB F0                  216 	.db #0xf0	; 240
   00AC F0                  217 	.db #0xf0	; 240
   00AD F0                  218 	.db #0xf0	; 240
   00AE F0                  219 	.db #0xf0	; 240
   00AF F0                  220 	.db #0xf0	; 240
   00B0 F0                  221 	.db #0xf0	; 240
   00B1 F0                  222 	.db #0xf0	; 240
   00B2 00                  223 	.db #0x00	; 0
   00B3 00                  224 	.db #0x00	; 0
   00B4 00                  225 	.db #0x00	; 0
   00B5 00                  226 	.db #0x00	; 0
   00B6 3C                  227 	.db #0x3c	; 60
   00B7 3C                  228 	.db #0x3c	; 60
   00B8 3C                  229 	.db #0x3c	; 60
   00B9 3C                  230 	.db #0x3c	; 60
   00BA 3C                  231 	.db #0x3c	; 60
   00BB 3C                  232 	.db #0x3c	; 60
   00BC 3C                  233 	.db #0x3c	; 60
   00BD 3C                  234 	.db #0x3c	; 60
   00BE 3C                  235 	.db #0x3c	; 60
   00BF 3C                  236 	.db #0x3c	; 60
   00C0 3C                  237 	.db #0x3c	; 60
   00C1 3C                  238 	.db #0x3c	; 60
   00C2 3C                  239 	.db #0x3c	; 60
   00C3 3C                  240 	.db #0x3c	; 60
   00C4 00                  241 	.db #0x00	; 0
   00C5 00                  242 	.db #0x00	; 0
   00C6 00                  243 	.db #0x00	; 0
   00C7 00                  244 	.db #0x00	; 0
   00C8 00                  245 	.db #0x00	; 0
   00C9 03                  246 	.db #0x03	; 3
   00CA 03                  247 	.db #0x03	; 3
   00CB 03                  248 	.db #0x03	; 3
   00CC 03                  249 	.db #0x03	; 3
   00CD 03                  250 	.db #0x03	; 3
   00CE 00                  251 	.db #0x00	; 0
   00CF 00                  252 	.db #0x00	; 0
   00D0 03                  253 	.db #0x03	; 3
   00D1 03                  254 	.db #0x03	; 3
   00D2 03                  255 	.db #0x03	; 3
   00D3 03                  256 	.db #0x03	; 3
   00D4 03                  257 	.db #0x03	; 3
   00D5 00                  258 	.db #0x00	; 0
   00D6 00                  259 	.db #0x00	; 0
   00D7 00                  260 	.db #0x00	; 0
   00D8 00                  261 	.db #0x00	; 0
   00D9 00                  262 	.db #0x00	; 0
   00DA 00                  263 	.db #0x00	; 0
   00DB 03                  264 	.db #0x03	; 3
   00DC 03                  265 	.db #0x03	; 3
   00DD 03                  266 	.db #0x03	; 3
   00DE 03                  267 	.db #0x03	; 3
   00DF 03                  268 	.db #0x03	; 3
   00E0 00                  269 	.db #0x00	; 0
   00E1 00                  270 	.db #0x00	; 0
   00E2 03                  271 	.db #0x03	; 3
   00E3 03                  272 	.db #0x03	; 3
   00E4 03                  273 	.db #0x03	; 3
   00E5 03                  274 	.db #0x03	; 3
   00E6 03                  275 	.db #0x03	; 3
   00E7 00                  276 	.db #0x00	; 0
   00E8 00                  277 	.db #0x00	; 0
   00E9 00                  278 	.db #0x00	; 0
   00EA 00                  279 	.db #0x00	; 0
   00EB 00                  280 	.db #0x00	; 0
   00EC 00                  281 	.db #0x00	; 0
   00ED 00                  282 	.db #0x00	; 0
   00EE C0                  283 	.db #0xc0	; 192
   00EF C0                  284 	.db #0xc0	; 192
   00F0 C0                  285 	.db #0xc0	; 192
   00F1 00                  286 	.db #0x00	; 0
   00F2 00                  287 	.db #0x00	; 0
   00F3 00                  288 	.db #0x00	; 0
   00F4 00                  289 	.db #0x00	; 0
   00F5 C0                  290 	.db #0xc0	; 192
   00F6 C0                  291 	.db #0xc0	; 192
   00F7 C0                  292 	.db #0xc0	; 192
   00F8 00                  293 	.db #0x00	; 0
   00F9 00                  294 	.db #0x00	; 0
   00FA 00                  295 	.db #0x00	; 0
   00FB 00                  296 	.db #0x00	; 0
   00FC 00                  297 	.db #0x00	; 0
   00FD 00                  298 	.db #0x00	; 0
   00FE 00                  299 	.db #0x00	; 0
   00FF 00                  300 	.db #0x00	; 0
   0100 C0                  301 	.db #0xc0	; 192
   0101 C0                  302 	.db #0xc0	; 192
   0102 C0                  303 	.db #0xc0	; 192
   0103 00                  304 	.db #0x00	; 0
   0104 00                  305 	.db #0x00	; 0
   0105 00                  306 	.db #0x00	; 0
   0106 00                  307 	.db #0x00	; 0
   0107 C0                  308 	.db #0xc0	; 192
   0108 C0                  309 	.db #0xc0	; 192
   0109 C0                  310 	.db #0xc0	; 192
   010A 00                  311 	.db #0x00	; 0
   010B 00                  312 	.db #0x00	; 0
   010C 00                  313 	.db #0x00	; 0
   010D 00                  314 	.db #0x00	; 0
   010E 00                  315 	.db #0x00	; 0
   010F 00                  316 	.db #0x00	; 0
   0110 00                  317 	.db #0x00	; 0
   0111 00                  318 	.db #0x00	; 0
   0112 00                  319 	.db #0x00	; 0
   0113 C0                  320 	.db #0xc0	; 192
   0114 00                  321 	.db #0x00	; 0
   0115 00                  322 	.db #0x00	; 0
   0116 00                  323 	.db #0x00	; 0
   0117 00                  324 	.db #0x00	; 0
   0118 00                  325 	.db #0x00	; 0
   0119 00                  326 	.db #0x00	; 0
   011A C0                  327 	.db #0xc0	; 192
   011B 00                  328 	.db #0x00	; 0
   011C 00                  329 	.db #0x00	; 0
   011D 00                  330 	.db #0x00	; 0
   011E 00                  331 	.db #0x00	; 0
   011F 00                  332 	.db #0x00	; 0
                            333 	.area _INITIALIZER
                            334 	.area _CABS (ABS)
