                              1 ;--------------------------------------------------------
                              2 ; File Created by SDCC : free open source ANSI-C Compiler
                              3 ; Version 3.6.8 #9946 (Linux)
                              4 ;--------------------------------------------------------
                              5 	.module numeros
                              6 	.optsdcc -mz80
                              7 	
                              8 ;--------------------------------------------------------
                              9 ; Public variables in this module
                             10 ;--------------------------------------------------------
                             11 	.globl _spr_numeros_09
                             12 	.globl _spr_numeros_08
                             13 	.globl _spr_numeros_07
                             14 	.globl _spr_numeros_06
                             15 	.globl _spr_numeros_05
                             16 	.globl _spr_numeros_04
                             17 	.globl _spr_numeros_03
                             18 	.globl _spr_numeros_02
                             19 	.globl _spr_numeros_01
                             20 	.globl _spr_numeros_00
                             21 ;--------------------------------------------------------
                             22 ; special function registers
                             23 ;--------------------------------------------------------
                             24 ;--------------------------------------------------------
                             25 ; ram data
                             26 ;--------------------------------------------------------
                             27 	.area _DATA
                             28 ;--------------------------------------------------------
                             29 ; ram data
                             30 ;--------------------------------------------------------
                             31 	.area _INITIALIZED
                             32 ;--------------------------------------------------------
                             33 ; absolute external ram data
                             34 ;--------------------------------------------------------
                             35 	.area _DABS (ABS)
                             36 ;--------------------------------------------------------
                             37 ; global & static initialisations
                             38 ;--------------------------------------------------------
                             39 	.area _HOME
                             40 	.area _GSINIT
                             41 	.area _GSFINAL
                             42 	.area _GSINIT
                             43 ;--------------------------------------------------------
                             44 ; Home
                             45 ;--------------------------------------------------------
                             46 	.area _HOME
                             47 	.area _HOME
                             48 ;--------------------------------------------------------
                             49 ; code
                             50 ;--------------------------------------------------------
                             51 	.area _CODE
                             52 	.area _CODE
   0000                      53 _spr_numeros_00:
   0000 40                   54 	.db #0x40	; 64
   0001 C0                   55 	.db #0xc0	; 192
   0002 80                   56 	.db #0x80	; 128
   0003 C0                   57 	.db #0xc0	; 192
   0004 00                   58 	.db #0x00	; 0
   0005 C0                   59 	.db #0xc0	; 192
   0006 C0                   60 	.db #0xc0	; 192
   0007 00                   61 	.db #0x00	; 0
   0008 C0                   62 	.db #0xc0	; 192
   0009 C0                   63 	.db #0xc0	; 192
   000A 00                   64 	.db #0x00	; 0
   000B C0                   65 	.db #0xc0	; 192
   000C C0                   66 	.db #0xc0	; 192
   000D 00                   67 	.db #0x00	; 0
   000E C0                   68 	.db #0xc0	; 192
   000F C0                   69 	.db #0xc0	; 192
   0010 00                   70 	.db #0x00	; 0
   0011 C0                   71 	.db #0xc0	; 192
   0012 C0                   72 	.db #0xc0	; 192
   0013 00                   73 	.db #0x00	; 0
   0014 C0                   74 	.db #0xc0	; 192
   0015 40                   75 	.db #0x40	; 64
   0016 C0                   76 	.db #0xc0	; 192
   0017 80                   77 	.db #0x80	; 128
   0018                      78 _spr_numeros_01:
   0018 00                   79 	.db #0x00	; 0
   0019 C0                   80 	.db #0xc0	; 192
   001A 00                   81 	.db #0x00	; 0
   001B 40                   82 	.db #0x40	; 64
   001C C0                   83 	.db #0xc0	; 192
   001D 00                   84 	.db #0x00	; 0
   001E C0                   85 	.db #0xc0	; 192
   001F C0                   86 	.db #0xc0	; 192
   0020 00                   87 	.db #0x00	; 0
   0021 00                   88 	.db #0x00	; 0
   0022 C0                   89 	.db #0xc0	; 192
   0023 00                   90 	.db #0x00	; 0
   0024 00                   91 	.db #0x00	; 0
   0025 C0                   92 	.db #0xc0	; 192
   0026 00                   93 	.db #0x00	; 0
   0027 00                   94 	.db #0x00	; 0
   0028 C0                   95 	.db #0xc0	; 192
   0029 00                   96 	.db #0x00	; 0
   002A 00                   97 	.db #0x00	; 0
   002B C0                   98 	.db #0xc0	; 192
   002C 00                   99 	.db #0x00	; 0
   002D C0                  100 	.db #0xc0	; 192
   002E C0                  101 	.db #0xc0	; 192
   002F C0                  102 	.db #0xc0	; 192
   0030                     103 _spr_numeros_02:
   0030 40                  104 	.db #0x40	; 64
   0031 C0                  105 	.db #0xc0	; 192
   0032 80                  106 	.db #0x80	; 128
   0033 80                  107 	.db #0x80	; 128
   0034 00                  108 	.db #0x00	; 0
   0035 C0                  109 	.db #0xc0	; 192
   0036 80                  110 	.db #0x80	; 128
   0037 00                  111 	.db #0x00	; 0
   0038 C0                  112 	.db #0xc0	; 192
   0039 00                  113 	.db #0x00	; 0
   003A 00                  114 	.db #0x00	; 0
   003B C0                  115 	.db #0xc0	; 192
   003C 00                  116 	.db #0x00	; 0
   003D 40                  117 	.db #0x40	; 64
   003E 80                  118 	.db #0x80	; 128
   003F 40                  119 	.db #0x40	; 64
   0040 80                  120 	.db #0x80	; 128
   0041 00                  121 	.db #0x00	; 0
   0042 C0                  122 	.db #0xc0	; 192
   0043 00                  123 	.db #0x00	; 0
   0044 00                  124 	.db #0x00	; 0
   0045 C0                  125 	.db #0xc0	; 192
   0046 C0                  126 	.db #0xc0	; 192
   0047 C0                  127 	.db #0xc0	; 192
   0048                     128 _spr_numeros_03:
   0048 40                  129 	.db #0x40	; 64
   0049 C0                  130 	.db #0xc0	; 192
   004A 80                  131 	.db #0x80	; 128
   004B 80                  132 	.db #0x80	; 128
   004C 00                  133 	.db #0x00	; 0
   004D C0                  134 	.db #0xc0	; 192
   004E 80                  135 	.db #0x80	; 128
   004F 00                  136 	.db #0x00	; 0
   0050 C0                  137 	.db #0xc0	; 192
   0051 00                  138 	.db #0x00	; 0
   0052 C0                  139 	.db #0xc0	; 192
   0053 80                  140 	.db #0x80	; 128
   0054 00                  141 	.db #0x00	; 0
   0055 C0                  142 	.db #0xc0	; 192
   0056 C0                  143 	.db #0xc0	; 192
   0057 80                  144 	.db #0x80	; 128
   0058 00                  145 	.db #0x00	; 0
   0059 C0                  146 	.db #0xc0	; 192
   005A 80                  147 	.db #0x80	; 128
   005B 00                  148 	.db #0x00	; 0
   005C C0                  149 	.db #0xc0	; 192
   005D 40                  150 	.db #0x40	; 64
   005E C0                  151 	.db #0xc0	; 192
   005F 80                  152 	.db #0x80	; 128
   0060                     153 _spr_numeros_04:
   0060 00                  154 	.db #0x00	; 0
   0061 40                  155 	.db #0x40	; 64
   0062 80                  156 	.db #0x80	; 128
   0063 00                  157 	.db #0x00	; 0
   0064 C0                  158 	.db #0xc0	; 192
   0065 80                  159 	.db #0x80	; 128
   0066 40                  160 	.db #0x40	; 64
   0067 40                  161 	.db #0x40	; 64
   0068 80                  162 	.db #0x80	; 128
   0069 80                  163 	.db #0x80	; 128
   006A 40                  164 	.db #0x40	; 64
   006B 80                  165 	.db #0x80	; 128
   006C 80                  166 	.db #0x80	; 128
   006D 40                  167 	.db #0x40	; 64
   006E 80                  168 	.db #0x80	; 128
   006F C0                  169 	.db #0xc0	; 192
   0070 C0                  170 	.db #0xc0	; 192
   0071 C0                  171 	.db #0xc0	; 192
   0072 00                  172 	.db #0x00	; 0
   0073 40                  173 	.db #0x40	; 64
   0074 80                  174 	.db #0x80	; 128
   0075 00                  175 	.db #0x00	; 0
   0076 40                  176 	.db #0x40	; 64
   0077 80                  177 	.db #0x80	; 128
   0078                     178 _spr_numeros_05:
   0078 C0                  179 	.db #0xc0	; 192
   0079 C0                  180 	.db #0xc0	; 192
   007A C0                  181 	.db #0xc0	; 192
   007B 80                  182 	.db #0x80	; 128
   007C 00                  183 	.db #0x00	; 0
   007D 00                  184 	.db #0x00	; 0
   007E 80                  185 	.db #0x80	; 128
   007F 00                  186 	.db #0x00	; 0
   0080 00                  187 	.db #0x00	; 0
   0081 C0                  188 	.db #0xc0	; 192
   0082 C0                  189 	.db #0xc0	; 192
   0083 80                  190 	.db #0x80	; 128
   0084 00                  191 	.db #0x00	; 0
   0085 00                  192 	.db #0x00	; 0
   0086 C0                  193 	.db #0xc0	; 192
   0087 00                  194 	.db #0x00	; 0
   0088 00                  195 	.db #0x00	; 0
   0089 C0                  196 	.db #0xc0	; 192
   008A 80                  197 	.db #0x80	; 128
   008B 00                  198 	.db #0x00	; 0
   008C C0                  199 	.db #0xc0	; 192
   008D 40                  200 	.db #0x40	; 64
   008E C0                  201 	.db #0xc0	; 192
   008F 80                  202 	.db #0x80	; 128
   0090                     203 _spr_numeros_06:
   0090 40                  204 	.db #0x40	; 64
   0091 C0                  205 	.db #0xc0	; 192
   0092 80                  206 	.db #0x80	; 128
   0093 C0                  207 	.db #0xc0	; 192
   0094 00                  208 	.db #0x00	; 0
   0095 40                  209 	.db #0x40	; 64
   0096 C0                  210 	.db #0xc0	; 192
   0097 00                  211 	.db #0x00	; 0
   0098 00                  212 	.db #0x00	; 0
   0099 C0                  213 	.db #0xc0	; 192
   009A C0                  214 	.db #0xc0	; 192
   009B 80                  215 	.db #0x80	; 128
   009C C0                  216 	.db #0xc0	; 192
   009D 00                  217 	.db #0x00	; 0
   009E C0                  218 	.db #0xc0	; 192
   009F C0                  219 	.db #0xc0	; 192
   00A0 00                  220 	.db #0x00	; 0
   00A1 C0                  221 	.db #0xc0	; 192
   00A2 C0                  222 	.db #0xc0	; 192
   00A3 00                  223 	.db #0x00	; 0
   00A4 C0                  224 	.db #0xc0	; 192
   00A5 40                  225 	.db #0x40	; 64
   00A6 C0                  226 	.db #0xc0	; 192
   00A7 80                  227 	.db #0x80	; 128
   00A8                     228 _spr_numeros_07:
   00A8 C0                  229 	.db #0xc0	; 192
   00A9 C0                  230 	.db #0xc0	; 192
   00AA C0                  231 	.db #0xc0	; 192
   00AB 80                  232 	.db #0x80	; 128
   00AC 00                  233 	.db #0x00	; 0
   00AD C0                  234 	.db #0xc0	; 192
   00AE 00                  235 	.db #0x00	; 0
   00AF 00                  236 	.db #0x00	; 0
   00B0 C0                  237 	.db #0xc0	; 192
   00B1 00                  238 	.db #0x00	; 0
   00B2 40                  239 	.db #0x40	; 64
   00B3 80                  240 	.db #0x80	; 128
   00B4 00                  241 	.db #0x00	; 0
   00B5 C0                  242 	.db #0xc0	; 192
   00B6 00                  243 	.db #0x00	; 0
   00B7 00                  244 	.db #0x00	; 0
   00B8 C0                  245 	.db #0xc0	; 192
   00B9 00                  246 	.db #0x00	; 0
   00BA 40                  247 	.db #0x40	; 64
   00BB 80                  248 	.db #0x80	; 128
   00BC 00                  249 	.db #0x00	; 0
   00BD 40                  250 	.db #0x40	; 64
   00BE 80                  251 	.db #0x80	; 128
   00BF 00                  252 	.db #0x00	; 0
   00C0                     253 _spr_numeros_08:
   00C0 40                  254 	.db #0x40	; 64
   00C1 C0                  255 	.db #0xc0	; 192
   00C2 80                  256 	.db #0x80	; 128
   00C3 C0                  257 	.db #0xc0	; 192
   00C4 00                  258 	.db #0x00	; 0
   00C5 C0                  259 	.db #0xc0	; 192
   00C6 C0                  260 	.db #0xc0	; 192
   00C7 00                  261 	.db #0x00	; 0
   00C8 C0                  262 	.db #0xc0	; 192
   00C9 40                  263 	.db #0x40	; 64
   00CA C0                  264 	.db #0xc0	; 192
   00CB 80                  265 	.db #0x80	; 128
   00CC C0                  266 	.db #0xc0	; 192
   00CD 00                  267 	.db #0x00	; 0
   00CE C0                  268 	.db #0xc0	; 192
   00CF C0                  269 	.db #0xc0	; 192
   00D0 00                  270 	.db #0x00	; 0
   00D1 C0                  271 	.db #0xc0	; 192
   00D2 C0                  272 	.db #0xc0	; 192
   00D3 00                  273 	.db #0x00	; 0
   00D4 C0                  274 	.db #0xc0	; 192
   00D5 40                  275 	.db #0x40	; 64
   00D6 C0                  276 	.db #0xc0	; 192
   00D7 80                  277 	.db #0x80	; 128
   00D8                     278 _spr_numeros_09:
   00D8 40                  279 	.db #0x40	; 64
   00D9 C0                  280 	.db #0xc0	; 192
   00DA 80                  281 	.db #0x80	; 128
   00DB C0                  282 	.db #0xc0	; 192
   00DC 00                  283 	.db #0x00	; 0
   00DD C0                  284 	.db #0xc0	; 192
   00DE C0                  285 	.db #0xc0	; 192
   00DF 00                  286 	.db #0x00	; 0
   00E0 C0                  287 	.db #0xc0	; 192
   00E1 40                  288 	.db #0x40	; 64
   00E2 C0                  289 	.db #0xc0	; 192
   00E3 C0                  290 	.db #0xc0	; 192
   00E4 00                  291 	.db #0x00	; 0
   00E5 00                  292 	.db #0x00	; 0
   00E6 C0                  293 	.db #0xc0	; 192
   00E7 00                  294 	.db #0x00	; 0
   00E8 00                  295 	.db #0x00	; 0
   00E9 C0                  296 	.db #0xc0	; 192
   00EA C0                  297 	.db #0xc0	; 192
   00EB 00                  298 	.db #0x00	; 0
   00EC C0                  299 	.db #0xc0	; 192
   00ED 40                  300 	.db #0x40	; 64
   00EE C0                  301 	.db #0xc0	; 192
   00EF 80                  302 	.db #0x80	; 128
                            303 	.area _INITIALIZER
                            304 	.area _CABS (ABS)
