                              1 ;--------------------------------------------------------
                              2 ; File Created by SDCC : free open source ANSI-C Compiler
                              3 ; Version 3.6.8 #9946 (Linux)
                              4 ;--------------------------------------------------------
                              5 	.module ai
                              6 	.optsdcc -mz80
                              7 	
                              8 ;--------------------------------------------------------
                              9 ; Public variables in this module
                             10 ;--------------------------------------------------------
                             11 	.globl _sysAIUpdateEntity
                             12 	.globl _manGameCreateEnemy
                             13 	.globl _manEntityForAllMatching
                             14 	.globl _sysAIBehaviorLeftRight
                             15 	.globl _sysAIBehaviorMotherShip
                             16 	.globl _sysAIUpdate
                             17 ;--------------------------------------------------------
                             18 ; special function registers
                             19 ;--------------------------------------------------------
                             20 ;--------------------------------------------------------
                             21 ; ram data
                             22 ;--------------------------------------------------------
                             23 	.area _DATA
                             24 ;--------------------------------------------------------
                             25 ; ram data
                             26 ;--------------------------------------------------------
                             27 	.area _INITIALIZED
                             28 ;--------------------------------------------------------
                             29 ; absolute external ram data
                             30 ;--------------------------------------------------------
                             31 	.area _DABS (ABS)
                             32 ;--------------------------------------------------------
                             33 ; global & static initialisations
                             34 ;--------------------------------------------------------
                             35 	.area _HOME
                             36 	.area _GSINIT
                             37 	.area _GSFINAL
                             38 	.area _GSINIT
                             39 ;--------------------------------------------------------
                             40 ; Home
                             41 ;--------------------------------------------------------
                             42 	.area _HOME
                             43 	.area _HOME
                             44 ;--------------------------------------------------------
                             45 ; code
                             46 ;--------------------------------------------------------
                             47 	.area _CODE
                             48 ;src/sys/ai.c:6: void sysAIBehaviorLeftRight(Entity_t *e)
                             49 ;	---------------------------------
                             50 ; Function sysAIBehaviorLeftRight
                             51 ; ---------------------------------
   0000                      52 _sysAIBehaviorLeftRight::
   0000 DD E5         [15]   53 	push	ix
   0002 DD 21 00 00   [14]   54 	ld	ix,#0
   0006 DD 39         [15]   55 	add	ix,sp
                             56 ;src/sys/ai.c:8: const u8 rbound = 80 - e->w;
   0008 DD 4E 04      [19]   57 	ld	c,4 (ix)
   000B DD 46 05      [19]   58 	ld	b,5 (ix)
   000E 69            [ 4]   59 	ld	l, c
   000F 60            [ 4]   60 	ld	h, b
   0010 23            [ 6]   61 	inc	hl
   0011 23            [ 6]   62 	inc	hl
   0012 23            [ 6]   63 	inc	hl
   0013 5E            [ 7]   64 	ld	e, (hl)
   0014 3E 50         [ 7]   65 	ld	a, #0x50
   0016 93            [ 4]   66 	sub	a, e
   0017 5F            [ 4]   67 	ld	e, a
                             68 ;src/sys/ai.c:9: if (e->x == 0)      e->vx =  1;
   0018 C5            [11]   69 	push	bc
   0019 FD E1         [14]   70 	pop	iy
   001B FD 23         [10]   71 	inc	iy
   001D FD 6E 00      [19]   72 	ld	l, 0 (iy)
   0020 03            [ 6]   73 	inc	bc
   0021 03            [ 6]   74 	inc	bc
   0022 03            [ 6]   75 	inc	bc
   0023 03            [ 6]   76 	inc	bc
   0024 03            [ 6]   77 	inc	bc
   0025 7D            [ 4]   78 	ld	a, l
   0026 B7            [ 4]   79 	or	a, a
   0027 20 03         [12]   80 	jr	NZ,00102$
   0029 3E 01         [ 7]   81 	ld	a, #0x01
   002B 02            [ 7]   82 	ld	(bc), a
   002C                      83 00102$:
                             84 ;src/sys/ai.c:10: if (e->x == rbound) e->vx = -1;
   002C FD 7E 00      [19]   85 	ld	a, 0 (iy)
   002F 93            [ 4]   86 	sub	a, e
   0030 20 03         [12]   87 	jr	NZ,00105$
   0032 3E FF         [ 7]   88 	ld	a, #0xff
   0034 02            [ 7]   89 	ld	(bc), a
   0035                      90 00105$:
   0035 DD E1         [14]   91 	pop	ix
   0037 C9            [10]   92 	ret
                             93 ;src/sys/ai.c:12: void sysAIBehaviorMotherShip(Entity_t *e)
                             94 ;	---------------------------------
                             95 ; Function sysAIBehaviorMotherShip
                             96 ; ---------------------------------
   0038                      97 _sysAIBehaviorMotherShip::
                             98 ;src/sys/ai.c:14: if (e->x == 20) {
   0038 D1            [10]   99 	pop	de
   0039 C1            [10]  100 	pop	bc
   003A C5            [11]  101 	push	bc
   003B D5            [11]  102 	push	de
   003C 69            [ 4]  103 	ld	l, c
   003D 60            [ 4]  104 	ld	h, b
   003E 23            [ 6]  105 	inc	hl
   003F 7E            [ 7]  106 	ld	a, (hl)
   0040 D6 14         [ 7]  107 	sub	a, #0x14
   0042 20 07         [12]  108 	jr	NZ,00102$
                            109 ;src/sys/ai.c:15: manGameCreateEnemy (e);
   0044 C5            [11]  110 	push	bc
   0045 C5            [11]  111 	push	bc
   0046 CDr00r00      [17]  112 	call	_manGameCreateEnemy
   0049 F1            [10]  113 	pop	af
   004A C1            [10]  114 	pop	bc
   004B                     115 00102$:
                            116 ;src/sys/ai.c:18: sysAIBehaviorLeftRight(e);
   004B C5            [11]  117 	push	bc
   004C CDr00r00      [17]  118 	call	_sysAIBehaviorLeftRight
   004F F1            [10]  119 	pop	af
   0050 C9            [10]  120 	ret
                            121 ;src/sys/ai.c:22: void sysAIUpdateEntity(Entity_t *e)
                            122 ;	---------------------------------
                            123 ; Function sysAIUpdateEntity
                            124 ; ---------------------------------
   0051                     125 _sysAIUpdateEntity::
   0051 DD E5         [15]  126 	push	ix
   0053 DD 21 00 00   [14]  127 	ld	ix,#0
   0057 DD 39         [15]  128 	add	ix,sp
                            129 ;src/sys/ai.c:24: e->ai_behavior(e);
   0059 DD 4E 04      [19]  130 	ld	c,4 (ix)
   005C DD 46 05      [19]  131 	ld	b,5 (ix)
   005F C5            [11]  132 	push	bc
   0060 FD E1         [14]  133 	pop	iy
   0062 FD 6E 09      [19]  134 	ld	l, 9 (iy)
   0065 FD 66 0A      [19]  135 	ld	h, 10 (iy)
   0068 C5            [11]  136 	push	bc
   0069 CDr00r00      [17]  137 	call	___sdcc_call_hl
   006C F1            [10]  138 	pop	af
   006D DD E1         [14]  139 	pop	ix
   006F C9            [10]  140 	ret
                            141 ;src/sys/ai.c:27: void sysAIUpdate()
                            142 ;	---------------------------------
                            143 ; Function sysAIUpdate
                            144 ; ---------------------------------
   0070                     145 _sysAIUpdate::
                            146 ;src/sys/ai.c:30: sysAIUpdateEntity, 
   0070 3E 0A         [ 7]  147 	ld	a, #0x0a
   0072 F5            [11]  148 	push	af
   0073 33            [ 6]  149 	inc	sp
   0074 21r51r00      [10]  150 	ld	hl, #_sysAIUpdateEntity
   0077 E5            [11]  151 	push	hl
   0078 CDr00r00      [17]  152 	call	_manEntityForAllMatching
   007B F1            [10]  153 	pop	af
   007C 33            [ 6]  154 	inc	sp
   007D C9            [10]  155 	ret
                            156 	.area _CODE
                            157 	.area _INITIALIZER
                            158 	.area _CABS (ABS)
