                              1 ;--------------------------------------------------------
                              2 ; File Created by SDCC : free open source ANSI-C Compiler
                              3 ; Version 3.6.8 #9946 (Linux)
                              4 ;--------------------------------------------------------
                              5 	.module animation
                              6 	.optsdcc -mz80
                              7 	
                              8 ;--------------------------------------------------------
                              9 ; Public variables in this module
                             10 ;--------------------------------------------------------
                             11 	.globl _sysAnimationUpdate
                             12 	.globl _sysAnimationUpdateEntity
                             13 	.globl _manEntityForAllMatching
                             14 ;--------------------------------------------------------
                             15 ; special function registers
                             16 ;--------------------------------------------------------
                             17 ;--------------------------------------------------------
                             18 ; ram data
                             19 ;--------------------------------------------------------
                             20 	.area _DATA
                             21 ;--------------------------------------------------------
                             22 ; ram data
                             23 ;--------------------------------------------------------
                             24 	.area _INITIALIZED
                             25 ;--------------------------------------------------------
                             26 ; absolute external ram data
                             27 ;--------------------------------------------------------
                             28 	.area _DABS (ABS)
                             29 ;--------------------------------------------------------
                             30 ; global & static initialisations
                             31 ;--------------------------------------------------------
                             32 	.area _HOME
                             33 	.area _GSINIT
                             34 	.area _GSFINAL
                             35 	.area _GSINIT
                             36 ;--------------------------------------------------------
                             37 ; Home
                             38 ;--------------------------------------------------------
                             39 	.area _HOME
                             40 	.area _HOME
                             41 ;--------------------------------------------------------
                             42 ; code
                             43 ;--------------------------------------------------------
                             44 	.area _CODE
                             45 ;src/sys/animation.c:3: void sysAnimationUpdateEntity(Entity_t *e)
                             46 ;	---------------------------------
                             47 ; Function sysAnimationUpdateEntity
                             48 ; ---------------------------------
   0000                      49 _sysAnimationUpdateEntity::
   0000 DD E5         [15]   50 	push	ix
   0002 DD 21 00 00   [14]   51 	ld	ix,#0
   0006 DD 39         [15]   52 	add	ix,sp
   0008 21 FA FF      [10]   53 	ld	hl, #-6
   000B 39            [11]   54 	add	hl, sp
   000C F9            [ 6]   55 	ld	sp, hl
                             56 ;src/sys/animation.c:6: if ( --(e->anim_counter) == 0 ) {
   000D DD 4E 04      [19]   57 	ld	c,4 (ix)
   0010 DD 46 05      [19]   58 	ld	b,5 (ix)
   0013 21 0D 00      [10]   59 	ld	hl, #0x000d
   0016 09            [11]   60 	add	hl,bc
   0017 DD 75 FE      [19]   61 	ld	-2 (ix), l
   001A DD 74 FF      [19]   62 	ld	-1 (ix), h
   001D 5E            [ 7]   63 	ld	e, (hl)
   001E 1D            [ 4]   64 	dec	e
   001F DD 6E FE      [19]   65 	ld	l,-2 (ix)
   0022 DD 66 FF      [19]   66 	ld	h,-1 (ix)
   0025 73            [ 7]   67 	ld	(hl), e
   0026 7B            [ 4]   68 	ld	a, e
   0027 B7            [ 4]   69 	or	a, a
   0028 20 50         [12]   70 	jr	NZ,00105$
                             71 ;src/sys/animation.c:7: ++e->anim;
   002A 21 0B 00      [10]   72 	ld	hl, #0x000b
   002D 09            [11]   73 	add	hl,bc
   002E E3            [19]   74 	ex	(sp), hl
   002F E1            [10]   75 	pop	hl
   0030 E5            [11]   76 	push	hl
   0031 5E            [ 7]   77 	ld	e, (hl)
   0032 23            [ 6]   78 	inc	hl
   0033 56            [ 7]   79 	ld	d, (hl)
   0034 13            [ 6]   80 	inc	de
   0035 13            [ 6]   81 	inc	de
   0036 13            [ 6]   82 	inc	de
   0037 E1            [10]   83 	pop	hl
   0038 E5            [11]   84 	push	hl
   0039 73            [ 7]   85 	ld	(hl), e
   003A 23            [ 6]   86 	inc	hl
   003B 72            [ 7]   87 	ld	(hl), d
                             88 ;src/sys/animation.c:9: if ( e->anim->time == 0) {
   003C E1            [10]   89 	pop	hl
   003D E5            [11]   90 	push	hl
   003E 7E            [ 7]   91 	ld	a, (hl)
   003F DD 77 FC      [19]   92 	ld	-4 (ix), a
   0042 23            [ 6]   93 	inc	hl
   0043 7E            [ 7]   94 	ld	a, (hl)
   0044 DD 77 FD      [19]   95 	ld	-3 (ix), a
   0047 1A            [ 7]   96 	ld	a, (de)
   0048 B7            [ 4]   97 	or	a, a
   0049 20 0D         [12]   98 	jr	NZ,00102$
                             99 ;src/sys/animation.c:10: e->anim = e->anim->val.next;
   004B D1            [10]  100 	pop	de
   004C E1            [10]  101 	pop	hl
   004D E5            [11]  102 	push	hl
   004E D5            [11]  103 	push	de
   004F 23            [ 6]  104 	inc	hl
   0050 5E            [ 7]  105 	ld	e, (hl)
   0051 23            [ 6]  106 	inc	hl
   0052 56            [ 7]  107 	ld	d, (hl)
   0053 E1            [10]  108 	pop	hl
   0054 E5            [11]  109 	push	hl
   0055 73            [ 7]  110 	ld	(hl), e
   0056 23            [ 6]  111 	inc	hl
   0057 72            [ 7]  112 	ld	(hl), d
   0058                     113 00102$:
                            114 ;src/sys/animation.c:13: e->sprite = e->anim->val.sprite;
   0058 21 07 00      [10]  115 	ld	hl, #0x0007
   005B 09            [11]  116 	add	hl,bc
   005C 4D            [ 4]  117 	ld	c, l
   005D 44            [ 4]  118 	ld	b, h
   005E E1            [10]  119 	pop	hl
   005F E5            [11]  120 	push	hl
   0060 5E            [ 7]  121 	ld	e, (hl)
   0061 23            [ 6]  122 	inc	hl
   0062 66            [ 7]  123 	ld	h, (hl)
   0063 6B            [ 4]  124 	ld	l, e
   0064 23            [ 6]  125 	inc	hl
   0065 5E            [ 7]  126 	ld	e, (hl)
   0066 23            [ 6]  127 	inc	hl
   0067 56            [ 7]  128 	ld	d, (hl)
   0068 7B            [ 4]  129 	ld	a, e
   0069 02            [ 7]  130 	ld	(bc), a
   006A 03            [ 6]  131 	inc	bc
   006B 7A            [ 4]  132 	ld	a, d
   006C 02            [ 7]  133 	ld	(bc), a
                            134 ;src/sys/animation.c:14: e->anim_counter = e->anim->time;        
   006D E1            [10]  135 	pop	hl
   006E E5            [11]  136 	push	hl
   006F 4E            [ 7]  137 	ld	c, (hl)
   0070 23            [ 6]  138 	inc	hl
   0071 46            [ 7]  139 	ld	b, (hl)
   0072 0A            [ 7]  140 	ld	a, (bc)
   0073 DD 6E FE      [19]  141 	ld	l,-2 (ix)
   0076 DD 66 FF      [19]  142 	ld	h,-1 (ix)
   0079 77            [ 7]  143 	ld	(hl), a
   007A                     144 00105$:
   007A DD F9         [10]  145 	ld	sp, ix
   007C DD E1         [14]  146 	pop	ix
   007E C9            [10]  147 	ret
                            148 ;src/sys/animation.c:19: void sysAnimationUpdate()
                            149 ;	---------------------------------
                            150 ; Function sysAnimationUpdate
                            151 ; ---------------------------------
   007F                     152 _sysAnimationUpdate::
                            153 ;src/sys/animation.c:21: manEntityForAllMatching (sysAnimationUpdateEntity, E_TYPE_ANIM);
   007F 3E 10         [ 7]  154 	ld	a, #0x10
   0081 F5            [11]  155 	push	af
   0082 33            [ 6]  156 	inc	sp
   0083 21r00r00      [10]  157 	ld	hl, #_sysAnimationUpdateEntity
   0086 E5            [11]  158 	push	hl
   0087 CDr00r00      [17]  159 	call	_manEntityForAllMatching
   008A F1            [10]  160 	pop	af
   008B 33            [ 6]  161 	inc	sp
   008C C9            [10]  162 	ret
                            163 	.area _CODE
                            164 	.area _INITIALIZER
                            165 	.area _CABS (ABS)
